


ARM Macro Assembler    Page 1 


    1 00000000         ; Print.s
    2 00000000         ; Student names: change this to your names or look very 
                       silly
    3 00000000         ; Last modification date: change this to the last modifi
                       cation date or look very silly
    4 00000000         ; Runs on LM4F120 or TM4C123
    5 00000000         ; EE319K lab 7 device driver for any LCD
    6 00000000         ;
    7 00000000         ; As part of Lab 7, students need to implement these LCD
                       _OutDec and LCD_OutFix
    8 00000000         ; This driver assumes two low-level LCD functions
    9 00000000         ; ST7735_OutChar   outputs a single 8-bit ASCII characte
                       r
   10 00000000         ; ST7735_OutString outputs a null-terminated string  
   11 00000000         
   12 00000000         
   13 00000000                 IMPORT           ST7735_OutChar
   14 00000000                 IMPORT           ST7735_OutString
   15 00000000                 EXPORT           LCD_OutDec
   16 00000000                 EXPORT           LCD_OutFix
   17 00000000         
   18 00000000                 AREA             |.text|, CODE, READONLY, ALIGN=
2
   19 00000000                 THUMB
   20 00000000         
   21 00000000 2A 2E 2A 
              2A 2A    INVALID DCB              "*.***"
   22 00000005 00              DCB              0X00
   23 00000006 2E      DOT     DCB              "."
   24 00000007 00              DCB              0X00
   25 00000008 30 2E 30 
              30 30    ZERO    DCB              "0.000"
   26 0000000D 00              DCB              0X00
   27 0000000E 30 2E 30 
              30       ONE     DCB              "0.00"
   28 00000012 00              DCB              0X00
   29 00000013 30 2E 30 
                       TWO     DCB              "0.0"
   30 00000016 00              DCB              0X00
   31 00000017 30 2E   THREE   DCB              "0."
   32 00000019 00              DCB              0X00
   33 0000001A 00 00 3B9ACA00 
                       LARGESTNUM
                               DCD              0x3B9ACA00
   34 00000020         
   35 00000020         
   36 00000020         
   37 00000020         ;-----------------------LCD_OutDec----------------------
                       -
   38 00000020         ; Output a 32-bit number in unsigned decimal format
   39 00000020         ; Input: R0 (call by value) 32-bit unsigned number
   40 00000020         ; Output: none
   41 00000020         ; Invariables: This function must not permanently modify
                        registers R4 to R11
   42 00000020         LCD_OutDec
   43 00000020 E92D 5FF0       PUSH             {R4-R12, LR}
   44 00000024 F04F 040A       MOV              R4, #10
   45 00000028 4606            MOV              R6, R0
   46 0000002A 4D62            LDR              R5, =LARGESTNUM



ARM Macro Assembler    Page 2 


   47 0000002C 682D            LDR              R5, [R5]
   48 0000002E B4F0            PUSH{R4-R7}
   49 00000030         FIRST_DIGIT_FIND
   50 00000030 FBB5 F5F4       UDIV             R5,R5, R4   ;R5 DIVIDOR 1000000
                                                            , 100000, 1000, 100
                                                            , 10, 1, 0
   51 00000034 2D00            CMP              R5, #0      ;R4 = 10
   52 00000036 D020            BEQ              OUT_ZERO    ; R6 DATA
   53 00000038 FBB6 F0F5       UDIV             R0, R6, R5
   54 0000003C 2800            CMP              R0, #0
   55 0000003E D0F7            BEQ              FIRST_DIGIT_FIND
   56 00000040 9501            STR              R5, [SP, #4]
   57 00000042 FB05 F700       MUL              R7, R5, R0
   58 00000046 EBA6 0607       SUB              R6,R6,R7
   59 0000004A 9602            STR              R6, [SP, #8]
   60 0000004C F100 0030       ADD              R0, R0, #0x30
   61 00000050 F7FF FFFE       BL               ST7735_OutChar
   62 00000054         PRINT_DEC
   63 00000054         ; PRINTS OUT FIRST CHAR
   64 00000054 9D01            LDR              R5, [SP, #4]
   65 00000056 9E02            LDR              R6, [SP, #8]
   66 00000058 FBB5 F5F4       UDIV             R5,R5, R4   ;R1 DIVIDOR 1000000
                                                            , 100000, 1000, 100
                                                            , 10, 1, 0
   67 0000005C 9501            STR              R5, [SP, #4]
   68 0000005E 2D00            CMP              R5, #0      ;R2 = 10
   69 00000060 D010            BEQ              DONE_DEC    ; R3 DIGIT BEING OU
                                                            TPUTED
   70 00000062 FBB6 F0F5       UDIV             R0, R6, R5  ; R4 DATA
   71 00000066 FB05 F700       MUL              R7, R5, R0
   72 0000006A EBA6 0607       SUB              R6,R6,R7
   73 0000006E 9602            STR              R6, [SP, #8]
   74 00000070 F100 0030       ADD              R0, R0, #0x30
   75 00000074 F7FF FFFE       BL               ST7735_OutChar
   76 00000078 E7EC            B                PRINT_DEC
   77 0000007A         
   78 0000007A         OUT_ZERO
   79 0000007A F04F 0030       MOV              R0, #0x30
   80 0000007E F7FF FFFE       BL               ST7735_OutChar
   81 00000082 E7FF            B                DONE_DEC
   82 00000084         
   83 00000084         DONE_DEC
   84 00000084 BCF0            POP              {R4-R7}
   85 00000086 E8BD 5FF0       POP              {R4-R12, LR}
   86 0000008A 4770            BX               LR
   87 0000008C         ;* * * * * * * * End of LCD_OutDec * * * * * * * *
   88 0000008C         
   89 0000008C         ; -----------------------LCD _OutFix--------------------
                       --
   90 0000008C         ; Output characters to LCD display in fixed-point format
                       
   91 0000008C         ; unsigned decimal, resolution 0.001, range 0.000 to 9.9
                       99
   92 0000008C         ; Inputs:  R0 is an unsigned 32-bit number
   93 0000008C         ; Outputs: none
   94 0000008C         ; E.g., R0=0,    then output "0.000 "
   95 0000008C         ;       R0=3,    then output "0.003 "
   96 0000008C         ;       R0=89,   then output "0.089 "
   97 0000008C         ;       R0=123,  then output "0.123 "



ARM Macro Assembler    Page 3 


   98 0000008C         ;       R0=9999, then output "9.999 "
   99 0000008C         ;       R0>9999, then output "*.*** "
  100 0000008C         ; Invariables: This function must not permanently modify
                        registers R4 to R11
  101 0000008C         LCD_OutFix
  102 0000008C E92D 5FF0       PUSH             {R4-R12, LR}
  103 00000090 F242 710F       MOV              R1, #9999   ;CHECKING FOR NUMBE
                                                            R GREATER THAN 9999
                                                            
  104 00000094 4288            CMP              R0, R1
  105 00000096 D905            BLS              FIX_LOOP
  106 00000098         INVALID_OUT
  107 00000098 4847            LDR              R0, =INVALID
  108 0000009A F7FF FFFE       BL               ST7735_OutString
  109 0000009E         
  110 0000009E E8BD 5FF0       POP              {R4-R12, LR}
  111 000000A2 4770            BX               LR
  112 000000A4         
  113 000000A4         FIX_LOOP
  114 000000A4 F04F 040A       MOV              R4, #10
  115 000000A8 4606            MOV              R6, R0
  116 000000AA F242 7510       MOV              R5, #10000
  117 000000AE B4F0            PUSH{R4-R7}
  118 000000B0         FIRST_DIGIT_FIND_FIX
  119 000000B0 FBB5 F5F4       UDIV             R5,R5, R4   ;R5 DIVIDOR 1000000
                                                            , 100000, 1000, 100
                                                            , 10, 1, 0
  120 000000B4 2D00            CMP              R5, #0      ;R4 = 10
  121 000000B6 D046            BEQ              OUT_ZERO_FIX ; R6 DATA
  122 000000B8 FBB6 F0F5       UDIV             R0, R6, R5
  123 000000BC 2800            CMP              R0, #0
  124 000000BE D0F7            BEQ              FIRST_DIGIT_FIND_FIX
  125 000000C0 9501            STR              R5, [SP, #4]
  126 000000C2 FB05 F700       MUL              R7, R5, R0
  127 000000C6 EBA6 0607       SUB              R6,R6,R7
  128 000000CA 9602            STR              R6, [SP, #8]
  129 000000CC F100 0030       ADD              R0, R0, #0x30
  130 000000D0 4683            MOV              R11, R0
  131 000000D2         
  132 000000D2         
  133 000000D2         PRINT_FIX1
  134 000000D2         ; PRINTS OUT FIRST CHAR
  135 000000D2 9D01            LDR              R5, [SP, #4]
  136 000000D4 9E02            LDR              R6, [SP, #8]
  137 000000D6 FBB5 F5F4       UDIV             R5,R5, R4   ;R1 DIVIDOR 1000000
                                                            , 100000, 1000, 100
                                                            , 10, 1, 0
  138 000000DA 9501            STR              R5, [SP, #4]
  139 000000DC 2D00            CMP              R5, #0      ;R2 = 10
  140 000000DE D036            BEQ              DONE_FIX1   ; R3 DIGIT BEING OU
                                                            TPUTED
  141 000000E0 FBB6 F0F5       UDIV             R0, R6, R5  ; R4 DATA
  142 000000E4 FB05 F700       MUL              R7, R5, R0
  143 000000E8 EBA6 0607       SUB              R6,R6,R7
  144 000000EC 9602            STR              R6, [SP, #8]
  145 000000EE F100 0030       ADD              R0, R0, #0x30
  146 000000F2         
  147 000000F2 4682            MOV              R10, R0
  148 000000F4 9D01            LDR              R5, [SP, #4]



ARM Macro Assembler    Page 4 


  149 000000F6 9E02            LDR              R6, [SP, #8]
  150 000000F8 FBB5 F5F4       UDIV             R5,R5, R4   ;R1 DIVIDOR 1000000
                                                            , 100000, 1000, 100
                                                            , 10, 1, 0
  151 000000FC 9501            STR              R5, [SP, #4]
  152 000000FE 2D00            CMP              R5, #0      ;R2 = 10
  153 00000100 D02C            BEQ              DONE_FIX2   ; R3 DIGIT BEING OU
                                                            TPUTED
  154 00000102 FBB6 F0F5       UDIV             R0, R6, R5  ; R4 DATA
  155 00000106 FB05 F700       MUL              R7, R5, R0
  156 0000010A EBA6 0607       SUB              R6,R6,R7
  157 0000010E 9602            STR              R6, [SP, #8]
  158 00000110 F100 0030       ADD              R0, R0, #0x30
  159 00000114         
  160 00000114 4681            MOV              R9, R0
  161 00000116 9D01            LDR              R5, [SP, #4]
  162 00000118 9E02            LDR              R6, [SP, #8]
  163 0000011A FBB5 F5F4       UDIV             R5,R5, R4   ;R1 DIVIDOR 1000000
                                                            , 100000, 1000, 100
                                                            , 10, 1, 0
  164 0000011E 9501            STR              R5, [SP, #4]
  165 00000120 2D00            CMP              R5, #0      ;R2 = 10
  166 00000122 D025            BEQ              DONE_FIX3   ; R3 DIGIT BEING OU
                                                            TPUTED
  167 00000124 FBB6 F0F5       UDIV             R0, R6, R5  ; R4 DATA
  168 00000128 FB05 F700       MUL              R7, R5, R0
  169 0000012C EBA6 0607       SUB              R6,R6,R7
  170 00000130 9602            STR              R6, [SP, #8]
  171 00000132 F100 0030       ADD              R0, R0, #0x30
  172 00000136         
  173 00000136 4680            MOV              R8, R0
  174 00000138 9D01            LDR              R5, [SP, #4]
  175 0000013A 9E02            LDR              R6, [SP, #8]
  176 0000013C FBB5 F5F4       UDIV             R5,R5, R4   ;R1 DIVIDOR 1000000
                                                            , 100000, 1000, 100
                                                            , 10, 1, 0
  177 00000140 9501            STR              R5, [SP, #4]
  178 00000142 2D00            CMP              R5, #0      ;R2 = 10
  179 00000144 E021            B                DONE_FIX4   ; R3 DIGIT BEING OU
                                                            TPUTED
  180 00000146         
  181 00000146         
  182 00000146         OUT_ZERO_FIX
  183 00000146 481D            LDR              R0, =ZERO
  184 00000148 F7FF FFFE       BL               ST7735_OutString
  185 0000014C E02E            B                DONE_FIX
  186 0000014E         
  187 0000014E         DONE_FIX1
  188 0000014E 481C            LDR              R0, =ONE
  189 00000150 F7FF FFFE       BL               ST7735_OutString
  190 00000154 4658            MOV              R0, R11
  191 00000156 F7FF FFFE       BL               ST7735_OutChar
  192 0000015A E027            B                DONE_FIX
  193 0000015C         
  194 0000015C         DONE_FIX2
  195 0000015C 4819            LDR              R0, =TWO
  196 0000015E F7FF FFFE       BL               ST7735_OutString
  197 00000162 4658            MOV              R0, R11
  198 00000164 F7FF FFFE       BL               ST7735_OutChar



ARM Macro Assembler    Page 5 


  199 00000168 4650            MOV              R0, R10
  200 0000016A F7FF FFFE       BL               ST7735_OutChar
  201 0000016E E01D            B                DONE_FIX
  202 00000170         
  203 00000170         DONE_FIX3
  204 00000170 4815            LDR              R0, =THREE
  205 00000172 F7FF FFFE       BL               ST7735_OutString
  206 00000176 4658            MOV              R0, R11
  207 00000178 F7FF FFFE       BL               ST7735_OutChar
  208 0000017C 4650            MOV              R0, R10
  209 0000017E F7FF FFFE       BL               ST7735_OutChar
  210 00000182 4648            MOV              R0, R9
  211 00000184 F7FF FFFE       BL               ST7735_OutChar
  212 00000188 E010            B                DONE_FIX
  213 0000018A         DONE_FIX4
  214 0000018A 4658            MOV              R0, R11
  215 0000018C F7FF FFFE       BL               ST7735_OutChar
  216 00000190 F04F 002E       MOV              R0, #46
  217 00000194 F7FF FFFE       BL               ST7735_OutChar
  218 00000198 4650            MOV              R0, R10
  219 0000019A F7FF FFFE       BL               ST7735_OutChar
  220 0000019E 4648            MOV              R0, R9
  221 000001A0 F7FF FFFE       BL               ST7735_OutChar
  222 000001A4 4640            MOV              R0, R8
  223 000001A6 F7FF FFFE       BL               ST7735_OutChar
  224 000001AA E7FF            B                DONE_FIX
  225 000001AC         
  226 000001AC         
  227 000001AC         DONE_FIX
  228 000001AC BCF0            POP              {R4-R7}
  229 000001AE E8BD 5FF0       POP              {R4-R12, LR}
  230 000001B2 4770            BX               LR
  231 000001B4         
  232 000001B4                 ALIGN
  233 000001B4         ;* * * * * * * * End of LCD_OutFix * * * * * * * *
  234 000001B4         
  235 000001B4                 ALIGN                        ; make sure the end
                                                             of this section is
                                                             aligned
  236 000001B4                 END                          ; end of file
              00000000 
              00000000 
              00000000 
              00000000 
              00000000 
              00000000 
Command Line: --debug --xref --cpu=Cortex-M4 --apcs=interwork --depend=.\print.
d -o.\print.o -I"C:\Users\Jay Shenoy\Desktop\UT Austin\EE319K\ARM\RV31\INC" -I"
C:\Users\Jay Shenoy\Desktop\UT Austin\EE319K\ARM\CMSIS\Include" -I"C:\Users\Jay
 Shenoy\Desktop\UT Austin\EE319K\ARM\Inc\Luminary" --list=.\print.lst Print.s



ARM Macro Assembler    Page 1 Alphabetic symbol ordering
Relocatable symbols

.text 00000000

Symbol: .text
   Definitions
      At line 18 in file Print.s
   Uses
      None
Comment: .text unused
DONE_DEC 00000084

Symbol: DONE_DEC
   Definitions
      At line 83 in file Print.s
   Uses
      At line 69 in file Print.s
      At line 81 in file Print.s

DONE_FIX 000001AC

Symbol: DONE_FIX
   Definitions
      At line 227 in file Print.s
   Uses
      At line 185 in file Print.s
      At line 192 in file Print.s
      At line 201 in file Print.s
      At line 212 in file Print.s
      At line 224 in file Print.s

DONE_FIX1 0000014E

Symbol: DONE_FIX1
   Definitions
      At line 187 in file Print.s
   Uses
      At line 140 in file Print.s
Comment: DONE_FIX1 used once
DONE_FIX2 0000015C

Symbol: DONE_FIX2
   Definitions
      At line 194 in file Print.s
   Uses
      At line 153 in file Print.s
Comment: DONE_FIX2 used once
DONE_FIX3 00000170

Symbol: DONE_FIX3
   Definitions
      At line 203 in file Print.s
   Uses
      At line 166 in file Print.s
Comment: DONE_FIX3 used once
DONE_FIX4 0000018A

Symbol: DONE_FIX4
   Definitions
      At line 213 in file Print.s
   Uses



ARM Macro Assembler    Page 2 Alphabetic symbol ordering
Relocatable symbols

      At line 179 in file Print.s
Comment: DONE_FIX4 used once
DOT 00000006

Symbol: DOT
   Definitions
      At line 23 in file Print.s
   Uses
      None
Comment: DOT unused
FIRST_DIGIT_FIND 00000030

Symbol: FIRST_DIGIT_FIND
   Definitions
      At line 49 in file Print.s
   Uses
      At line 55 in file Print.s
Comment: FIRST_DIGIT_FIND used once
FIRST_DIGIT_FIND_FIX 000000B0

Symbol: FIRST_DIGIT_FIND_FIX
   Definitions
      At line 118 in file Print.s
   Uses
      At line 124 in file Print.s
Comment: FIRST_DIGIT_FIND_FIX used once
FIX_LOOP 000000A4

Symbol: FIX_LOOP
   Definitions
      At line 113 in file Print.s
   Uses
      At line 105 in file Print.s
Comment: FIX_LOOP used once
INVALID 00000000

Symbol: INVALID
   Definitions
      At line 21 in file Print.s
   Uses
      At line 107 in file Print.s
Comment: INVALID used once
INVALID_OUT 00000098

Symbol: INVALID_OUT
   Definitions
      At line 106 in file Print.s
   Uses
      None
Comment: INVALID_OUT unused
LARGESTNUM 0000001C

Symbol: LARGESTNUM
   Definitions
      At line 33 in file Print.s
   Uses
      At line 46 in file Print.s
Comment: LARGESTNUM used once
LCD_OutDec 00000020



ARM Macro Assembler    Page 3 Alphabetic symbol ordering
Relocatable symbols


Symbol: LCD_OutDec
   Definitions
      At line 42 in file Print.s
   Uses
      At line 15 in file Print.s
Comment: LCD_OutDec used once
LCD_OutFix 0000008C

Symbol: LCD_OutFix
   Definitions
      At line 101 in file Print.s
   Uses
      At line 16 in file Print.s
Comment: LCD_OutFix used once
ONE 0000000E

Symbol: ONE
   Definitions
      At line 27 in file Print.s
   Uses
      At line 188 in file Print.s
Comment: ONE used once
OUT_ZERO 0000007A

Symbol: OUT_ZERO
   Definitions
      At line 78 in file Print.s
   Uses
      At line 52 in file Print.s
Comment: OUT_ZERO used once
OUT_ZERO_FIX 00000146

Symbol: OUT_ZERO_FIX
   Definitions
      At line 182 in file Print.s
   Uses
      At line 121 in file Print.s
Comment: OUT_ZERO_FIX used once
PRINT_DEC 00000054

Symbol: PRINT_DEC
   Definitions
      At line 62 in file Print.s
   Uses
      At line 76 in file Print.s
Comment: PRINT_DEC used once
PRINT_FIX1 000000D2

Symbol: PRINT_FIX1
   Definitions
      At line 133 in file Print.s
   Uses
      None
Comment: PRINT_FIX1 unused
THREE 00000017

Symbol: THREE
   Definitions



ARM Macro Assembler    Page 4 Alphabetic symbol ordering
Relocatable symbols

      At line 31 in file Print.s
   Uses
      At line 204 in file Print.s
Comment: THREE used once
TWO 00000013

Symbol: TWO
   Definitions
      At line 29 in file Print.s
   Uses
      At line 195 in file Print.s
Comment: TWO used once
ZERO 00000008

Symbol: ZERO
   Definitions
      At line 25 in file Print.s
   Uses
      At line 183 in file Print.s
Comment: ZERO used once
24 symbols



ARM Macro Assembler    Page 1 Alphabetic symbol ordering
External symbols

ST7735_OutChar 00000000

Symbol: ST7735_OutChar
   Definitions
      At line 13 in file Print.s
   Uses
      At line 61 in file Print.s
      At line 75 in file Print.s
      At line 80 in file Print.s
      At line 191 in file Print.s
      At line 198 in file Print.s
      At line 200 in file Print.s
      At line 207 in file Print.s
      At line 209 in file Print.s
      At line 211 in file Print.s
      At line 215 in file Print.s
      At line 217 in file Print.s
      At line 219 in file Print.s
      At line 221 in file Print.s
      At line 223 in file Print.s

ST7735_OutString 00000000

Symbol: ST7735_OutString
   Definitions
      At line 14 in file Print.s
   Uses
      At line 108 in file Print.s
      At line 184 in file Print.s
      At line 189 in file Print.s
      At line 196 in file Print.s
      At line 205 in file Print.s

2 symbols
358 symbols in table
